<?xml version="1.0" encoding="UTF-8"?>
<!-- Generated by org.testng.reporters.JUnitXMLReporter -->
<testsuite ignored="1" hostname="Swapnil" failures="0" tests="4" name="Default test" time="10.822" errors="0" timestamp="2023-04-12T13:57:31 IST">
  <testcase classname="TestLayer.ContactUsTestCase" name="enterData" time="0.149"/>
  <testcase classname="TestLayer.ContactUsTestCase" name="countryDD" time="0.161"/>
  <testcase classname="TestLayer.ContactUsTestCase" name="aboutUsDD" time="0.114"/>
  <testcase classname="TestLayer.ContactUsTestCase" name="enterRemeningfieldsAndIAgree" time="0.225"/>
  <testcase classname="TestLayer.ContactUsTestCase" name="validationOfAllFilds" time="0.0">
    <ignored/>
  </testcase> <!-- validationOfAllFilds -->
</testsuite> <!-- Default test -->
