<?xml version="1.0" encoding="UTF-8"?>
<!-- Generated by org.testng.reporters.JUnitXMLReporter -->
<testsuite ignored="1" hostname="Swapnil" failures="0" tests="8" name="Test" time="32.927" errors="0" timestamp="2023-04-12T15:38:34 IST">
  <testcase classname="TestLayer.HomePageTestCase" name="acceptCookiesPopup" time="1.019"/>
  <testcase classname="TestLayer.HomePageTestCase" name="validate_Title" time="0.003"/>
  <testcase classname="TestLayer.HomePageTestCase" name="clickOnContactUs" time="4.261"/>
  <testcase classname="TestLayer.HomePageTestCase" name="validateUserOnContctUsPage" time="0.011"/>
  <testcase classname="TestLayer.ContactUsTestCase" name="enterData" time="0.185"/>
  <testcase classname="TestLayer.ContactUsTestCase" name="countryDD" time="0.211"/>
  <testcase classname="TestLayer.ContactUsTestCase" name="aboutUsDD" time="0.172"/>
  <testcase classname="TestLayer.ContactUsTestCase" name="enterRemeningfields" time="0.252"/>
  <testcase classname="TestLayer.ContactUsTestCase" name="validationOfAllFilds" time="0.0">
    <ignored/>
  </testcase> <!-- validationOfAllFilds -->
</testsuite> <!-- Test -->
