<?xml version="1.0" encoding="UTF-8"?>
<testng-results ignored="1" total="9" passed="8" failed="0" skipped="0">
  <reporter-output>
  </reporter-output>
  <suite started-at="2023-04-12T15:38:01 IST" name="Suite" finished-at="2023-04-12T15:38:34 IST" duration-ms="32927">
    <groups>
      <group name="homepage">
        <method signature="HomePageTestCase.acceptCookiesPopup()[pri:1, instance:TestLayer.HomePageTestCase@5158b42f]" name="acceptCookiesPopup" class="TestLayer.HomePageTestCase"/>
        <method signature="HomePageTestCase.clickOnContactUs()[pri:3, instance:TestLayer.HomePageTestCase@5158b42f]" name="clickOnContactUs" class="TestLayer.HomePageTestCase"/>
        <method signature="HomePageTestCase.validateUserOnContctUsPage()[pri:4, instance:TestLayer.HomePageTestCase@5158b42f]" name="validateUserOnContctUsPage" class="TestLayer.HomePageTestCase"/>
        <method signature="HomePageTestCase.validate_Title()[pri:2, instance:TestLayer.HomePageTestCase@5158b42f]" name="validate_Title" class="TestLayer.HomePageTestCase"/>
      </group> <!-- homepage -->
    </groups>
    <test started-at="2023-04-12T15:38:01 IST" name="Test" finished-at="2023-04-12T15:38:34 IST" duration-ms="32927">
      <class name="TestLayer.HomePageTestCase">
        <test-method is-config="true" signature="setup()[pri:0, instance:TestLayer.HomePageTestCase@5158b42f]" started-at="2023-04-12T15:38:01 IST" name="setup" finished-at="2023-04-12T15:38:15 IST" duration-ms="13457" status="PASS">
          <reporter-output>
          </reporter-output>
        </test-method> <!-- setup -->
        <test-method signature="acceptCookiesPopup()[pri:1, instance:TestLayer.HomePageTestCase@5158b42f]" started-at="2023-04-12T15:38:15 IST" name="acceptCookiesPopup" finished-at="2023-04-12T15:38:16 IST" duration-ms="1019" status="PASS">
          <reporter-output>
          </reporter-output>
        </test-method> <!-- acceptCookiesPopup -->
        <test-method signature="validate_Title()[pri:2, instance:TestLayer.HomePageTestCase@5158b42f]" started-at="2023-04-12T15:38:16 IST" name="validate_Title" finished-at="2023-04-12T15:38:16 IST" duration-ms="3" status="PASS">
          <reporter-output>
          </reporter-output>
        </test-method> <!-- validate_Title -->
        <test-method signature="clickOnContactUs()[pri:3, instance:TestLayer.HomePageTestCase@5158b42f]" started-at="2023-04-12T15:38:17 IST" name="clickOnContactUs" finished-at="2023-04-12T15:38:21 IST" duration-ms="4261" status="PASS">
          <reporter-output>
          </reporter-output>
        </test-method> <!-- clickOnContactUs -->
        <test-method signature="validateUserOnContctUsPage()[pri:4, instance:TestLayer.HomePageTestCase@5158b42f]" started-at="2023-04-12T15:38:22 IST" name="validateUserOnContctUsPage" finished-at="2023-04-12T15:38:22 IST" duration-ms="11" status="PASS">
          <reporter-output>
          </reporter-output>
        </test-method> <!-- validateUserOnContctUsPage -->
        <test-method is-config="true" signature="tearDown()[pri:0, instance:TestLayer.HomePageTestCase@5158b42f]" started-at="2023-04-12T15:38:22 IST" name="tearDown" finished-at="2023-04-12T15:38:22 IST" duration-ms="376" status="PASS">
          <reporter-output>
          </reporter-output>
        </test-method> <!-- tearDown -->
      </class> <!-- TestLayer.HomePageTestCase -->
      <class name="TestLayer.ContactUsTestCase">
        <test-method is-config="true" signature="setup()[pri:0, instance:TestLayer.ContactUsTestCase@35cabb2a]" started-at="2023-04-12T15:38:22 IST" name="setup" finished-at="2023-04-12T15:38:32 IST" duration-ms="9649" status="PASS">
          <reporter-output>
          </reporter-output>
        </test-method> <!-- setup -->
        <test-method signature="enterData()[pri:1, instance:TestLayer.ContactUsTestCase@35cabb2a]" started-at="2023-04-12T15:38:32 IST" name="enterData" finished-at="2023-04-12T15:38:32 IST" duration-ms="185" status="PASS">
          <reporter-output>
          </reporter-output>
        </test-method> <!-- enterData -->
        <test-method signature="countryDD()[pri:2, instance:TestLayer.ContactUsTestCase@35cabb2a]" started-at="2023-04-12T15:38:32 IST" name="countryDD" finished-at="2023-04-12T15:38:32 IST" duration-ms="211" status="PASS">
          <reporter-output>
          </reporter-output>
        </test-method> <!-- countryDD -->
        <test-method signature="aboutUsDD()[pri:3, instance:TestLayer.ContactUsTestCase@35cabb2a]" started-at="2023-04-12T15:38:33 IST" name="aboutUsDD" finished-at="2023-04-12T15:38:33 IST" duration-ms="172" status="PASS">
          <reporter-output>
          </reporter-output>
        </test-method> <!-- aboutUsDD -->
        <test-method signature="enterRemeningfields()[pri:4, instance:TestLayer.ContactUsTestCase@35cabb2a]" started-at="2023-04-12T15:38:33 IST" name="enterRemeningfields" finished-at="2023-04-12T15:38:33 IST" duration-ms="252" status="PASS">
          <reporter-output>
          </reporter-output>
        </test-method> <!-- enterRemeningfields -->
        <test-method is-config="true" signature="tearDown()[pri:0, instance:TestLayer.ContactUsTestCase@35cabb2a]" started-at="2023-04-12T15:38:34 IST" name="tearDown" finished-at="2023-04-12T15:38:34 IST" duration-ms="318" status="PASS">
          <reporter-output>
          </reporter-output>
        </test-method> <!-- tearDown -->
      </class> <!-- TestLayer.ContactUsTestCase -->
    </test> <!-- Test -->
  </suite> <!-- Suite -->
</testng-results>
